Start testing: Feb 19 23:15 -03
----------------------------------------------------------
Unable to find executable: /home/fde-alen/Documents/push_swap/test/NodeCreationTests
1/1 Testing: NodeCreationTests
1/1 Test: NodeCreationTests
Command: ""
Directory: /home/fde-alen/Documents/push_swap/test
"NodeCreationTests" start time: 
Output:
----------------------------------------------------------
<end of output>
Test time =   0.00 sec
----------------------------------------------------------
Test Passed.
"NodeCreationTests" end time: Feb 19 23:15 -03
"NodeCreationTests" time elapsed: 00:00:00
----------------------------------------------------------

End testing: Feb 19 23:15 -03
